Flow report for DE2_CCD
Thu Dec 08 00:26:50 2016
Quartus II 64-Bit Version 15.0.0 Build 145 04/22/2015 SJ Web Edition


---------------------
; Table of Contents ;
---------------------
  1. Legal Notice
  2. Flow Summary
  3. Flow Settings
  4. Flow Non-Default Global Settings
  5. Flow Elapsed Time
  6. Flow OS Summary
  7. Flow Log
  8. Flow Messages
  9. Flow Suppressed Messages



----------------
; Legal Notice ;
----------------
Copyright (C) 1991-2015 Altera Corporation. All rights reserved.
Your use of Altera Corporation's design tools, logic functions 
and other software and tools, and its AMPP partner logic 
functions, and any output files from any of the foregoing 
(including device programming or simulation files), and any 
associated documentation or information are expressly subject 
to the terms and conditions of the Altera Program License 
Subscription Agreement, the Altera Quartus II License Agreement,
the Altera MegaCore Function License Agreement, or other 
applicable license agreement, including, without limitation, 
that your use is for the sole purpose of programming logic 
devices manufactured by Altera and sold by Altera or its 
authorized distributors.  Please refer to the applicable 
agreement for further details.



+---------------------------------------------------------------------------------+
; Flow Summary                                                                    ;
+------------------------------------+--------------------------------------------+
; Flow Status                        ; Successful - Thu Dec 08 00:26:50 2016      ;
; Quartus II 64-Bit Version          ; 15.0.0 Build 145 04/22/2015 SJ Web Edition ;
; Revision Name                      ; DE2_CCD                                    ;
; Top-level Entity Name              ; DE2_CCD                                    ;
; Family                             ; Cyclone IV E                               ;
; Device                             ; EP4CE115F29C7                              ;
; Timing Models                      ; Final                                      ;
; Total logic elements               ; 30,536 / 114,480 ( 27 % )                  ;
;     Total combinational functions  ; 30,147 / 114,480 ( 26 % )                  ;
;     Dedicated logic registers      ; 3,539 / 114,480 ( 3 % )                    ;
; Total registers                    ; 3551                                       ;
; Total pins                         ; 382 / 529 ( 72 % )                         ;
; Total virtual pins                 ; 0                                          ;
; Total memory bits                  ; 123,400 / 3,981,312 ( 3 % )                ;
; Embedded Multiplier 9-bit elements ; 220 / 532 ( 41 % )                         ;
; Total PLLs                         ; 1 / 4 ( 25 % )                             ;
+------------------------------------+--------------------------------------------+


+-----------------------------------------+
; Flow Settings                           ;
+-------------------+---------------------+
; Option            ; Setting             ;
+-------------------+---------------------+
; Start date & time ; 12/08/2016 00:14:13 ;
; Main task         ; Compilation         ;
; Revision Name     ; DE2_CCD             ;
+-------------------+---------------------+


+---------------------------------------------------------------------------------------------------------------------------------------+
; Flow Non-Default Global Settings                                                                                                      ;
+--------------------------------------+-------------------------------------------+---------------+-------------+----------------------+
; Assignment Name                      ; Value                                     ; Default Value ; Entity Name ; Section Id           ;
+--------------------------------------+-------------------------------------------+---------------+-------------+----------------------+
; COMPILER_SIGNATURE_ID                ; 57185454140472.148117765310348            ; --            ; --          ; --                   ;
; EDA_DESIGN_INSTANCE_NAME             ; NA                                        ; --            ; --          ; testbench_lcd        ;
; EDA_DESIGN_INSTANCE_NAME             ; NA                                        ; --            ; --          ; testbench_comparator ;
; EDA_DESIGN_INSTANCE_NAME             ; NA                                        ; --            ; --          ; testbench            ;
; EDA_NATIVELINK_SIMULATION_TEST_BENCH ; testbench_comparator                      ; --            ; --          ; eda_simulation       ;
; EDA_OUTPUT_DATA_FORMAT               ; Systemverilog Hdl                         ; --            ; --          ; eda_simulation       ;
; EDA_SIMULATION_TOOL                  ; ModelSim-Altera (SystemVerilog)           ; <None>        ; --          ; --                   ;
; EDA_TEST_BENCH_ENABLE_STATUS         ; TEST_BENCH_MODE                           ; --            ; --          ; eda_simulation       ;
; EDA_TEST_BENCH_FILE                  ; testbench_lcd.sv                          ; --            ; --          ; testbench_lcd        ;
; EDA_TEST_BENCH_FILE                  ; testbench_comparator.sv                   ; --            ; --          ; testbench_comparator ;
; EDA_TEST_BENCH_FILE                  ; testbench.sv                              ; --            ; --          ; testbench            ;
; EDA_TEST_BENCH_MODULE_NAME           ; testbench_lcd                             ; --            ; --          ; testbench_lcd        ;
; EDA_TEST_BENCH_MODULE_NAME           ; testbench_comparator                      ; --            ; --          ; testbench_comparator ;
; EDA_TEST_BENCH_MODULE_NAME           ; testbench                                 ; --            ; --          ; testbench            ;
; EDA_TEST_BENCH_NAME                  ; testbench                                 ; --            ; --          ; eda_simulation       ;
; EDA_TEST_BENCH_NAME                  ; testbench_lcd                             ; --            ; --          ; eda_simulation       ;
; EDA_TEST_BENCH_NAME                  ; testbench_comparator                      ; --            ; --          ; eda_simulation       ;
; EDA_TEST_BENCH_RUN_SIM_FOR           ; 20 us                                     ; --            ; --          ; testbench_lcd        ;
; EDA_TEST_BENCH_RUN_SIM_FOR           ; 1000 ns                                   ; --            ; --          ; testbench_comparator ;
; EDA_TEST_BENCH_RUN_SIM_FOR           ; 2000 ns                                   ; --            ; --          ; testbench            ;
; EDA_TIME_SCALE                       ; 1 ps                                      ; --            ; --          ; eda_simulation       ;
; MAX_CORE_JUNCTION_TEMP               ; 85                                        ; --            ; --          ; --                   ;
; MIN_CORE_JUNCTION_TEMP               ; 0                                         ; --            ; --          ; --                   ;
; MISC_FILE                            ; comparator_bb.v                           ; --            ; --          ; --                   ;
; MISC_FILE                            ; my_Line_Buffer.bsf                        ; --            ; --          ; --                   ;
; MISC_FILE                            ; my_Line_Buffer_bb.v                       ; --            ; --          ; --                   ;
; MISC_FILE                            ; my_Stack_RAM.bsf                          ; --            ; --          ; --                   ;
; MISC_FILE                            ; my_Stack_RAM_bb.v                         ; --            ; --          ; --                   ;
; MISC_FILE                            ; Sdram_Control_4Port/my_Sdram_RD_FIFO.bsf  ; --            ; --          ; --                   ;
; MISC_FILE                            ; Sdram_Control_4Port/my_Sdram_RD_FIFO_bb.v ; --            ; --          ; --                   ;
; MISC_FILE                            ; Sdram_Control_4Port/my_Sdram_WR_FIFO.bsf  ; --            ; --          ; --                   ;
; MISC_FILE                            ; Sdram_Control_4Port/my_Sdram_WR_FIFO_bb.v ; --            ; --          ; --                   ;
; MISC_FILE                            ; Sdram_Control_4Port/my_Sdram_PLL.bsf      ; --            ; --          ; --                   ;
; MISC_FILE                            ; Sdram_Control_4Port/my_Sdram_PLL_bb.v     ; --            ; --          ; --                   ;
; MISC_FILE                            ; Sdram_Control_4Port/my_Sdram_PLL.ppf      ; --            ; --          ; --                   ;
; MISC_FILE                            ; Bw_Pixl.bsf                               ; --            ; --          ; --                   ;
; MISC_FILE                            ; Bw_Pixl_bb.v                              ; --            ; --          ; --                   ;
; PARTITION_COLOR                      ; 16764057                                  ; --            ; --          ; Top                  ;
; PARTITION_COLOR                      ; 16764057                                  ; --            ; LCD_test    ; Top                  ;
; PARTITION_FITTER_PRESERVATION_LEVEL  ; PLACEMENT_AND_ROUTING                     ; --            ; --          ; Top                  ;
; PARTITION_FITTER_PRESERVATION_LEVEL  ; PLACEMENT_AND_ROUTING                     ; --            ; LCD_test    ; Top                  ;
; PARTITION_NETLIST_TYPE               ; SOURCE                                    ; --            ; --          ; Top                  ;
; PARTITION_NETLIST_TYPE               ; SOURCE                                    ; --            ; LCD_test    ; Top                  ;
; POWER_BOARD_THERMAL_MODEL            ; None (CONSERVATIVE)                       ; --            ; --          ; --                   ;
; POWER_PRESET_COOLING_SOLUTION        ; 23 MM HEAT SINK WITH 200 LFPM AIRFLOW     ; --            ; --          ; --                   ;
+--------------------------------------+-------------------------------------------+---------------+-------------+----------------------+


+-------------------------------------------------------------------------------------------------------------------------------+
; Flow Elapsed Time                                                                                                             ;
+---------------------------+--------------+-------------------------+---------------------+------------------------------------+
; Module Name               ; Elapsed Time ; Average Processors Used ; Peak Virtual Memory ; Total CPU Time (on all processors) ;
+---------------------------+--------------+-------------------------+---------------------+------------------------------------+
; Analysis & Synthesis      ; 00:07:32     ; 1.0                     ; 897 MB              ; 00:07:52                           ;
; Fitter                    ; 00:03:34     ; 1.5                     ; 1849 MB             ; 00:04:38                           ;
; Assembler                 ; 00:00:08     ; 1.0                     ; 731 MB              ; 00:00:07                           ;
; TimeQuest Timing Analyzer ; 00:00:19     ; 1.2                     ; 1138 MB             ; 00:00:21                           ;
; EDA Netlist Writer        ; 00:00:40     ; 1.0                     ; 1022 MB             ; 00:00:40                           ;
; Total                     ; 00:12:13     ; --                      ; --                  ; 00:13:38                           ;
+---------------------------+--------------+-------------------------+---------------------+------------------------------------+


+----------------------------------------------------------------------------------------+
; Flow OS Summary                                                                        ;
+---------------------------+------------------+-----------+------------+----------------+
; Module Name               ; Machine Hostname ; OS Name   ; OS Version ; Processor type ;
+---------------------------+------------------+-----------+------------+----------------+
; Analysis & Synthesis      ; Sean-HP-x360     ; Windows 7 ; 6.2        ; x86_64         ;
; Fitter                    ; Sean-HP-x360     ; Windows 7 ; 6.2        ; x86_64         ;
; Assembler                 ; Sean-HP-x360     ; Windows 7 ; 6.2        ; x86_64         ;
; TimeQuest Timing Analyzer ; Sean-HP-x360     ; Windows 7 ; 6.2        ; x86_64         ;
; EDA Netlist Writer        ; Sean-HP-x360     ; Windows 7 ; 6.2        ; x86_64         ;
+---------------------------+------------------+-----------+------------+----------------+


------------
; Flow Log ;
------------
quartus_map --read_settings_files=on --write_settings_files=off DE2_CCD -c DE2_CCD
quartus_fit --read_settings_files=off --write_settings_files=off DE2_CCD -c DE2_CCD
quartus_asm --read_settings_files=off --write_settings_files=off DE2_CCD -c DE2_CCD
quartus_sta DE2_CCD -c DE2_CCD
quartus_eda --read_settings_files=off --write_settings_files=off DE2_CCD -c DE2_CCD



